<?xml version="1.0" encoding="UTF-8"?>
<testsuite xmlns:xsi="http://www.w3.org/2001/XMLSchema-instance" xsi:noNamespaceSchemaLocation="https://maven.apache.org/surefire/maven-surefire-plugin/xsd/surefire-test-report-3.0.xsd" version="3.0" name="TestSuite" time="18.825" tests="1" errors="0" skipped="0" failures="0">
  <properties>
[...]
</properties>
  <testcase name="testContactForm" classname="com.elaniin.qa.ContactFormTest" time="14.568">
    <system-out><![CDATA[...
... TestNG 7.9.0 by Cédric Beust (cedric@beust.com)
...

  ℹ️  Inicializando ChromeDriver...
  ✅ Driver listo

🔷 [PASO 1] Ingresar al sitio web
  ✅ Sitio cargado: Elaniin Tech Company

🔷 [PASO 2] Navegar a la sección Contact Us
  ✅ Navegación a Contact Us exitosa

🔷 [PASO 3] Completar todos los campos del formulario
  ✅ Campo 'Nombre' llenado correctamente
  ✅ Campo 'Email' llenado correctamente
  ✅ Campo 'Teléfono' llenado correctamente
  ⚠️  Campo 'Empresa' no encontrado (puede ser opcional)
  ✅ Campo 'Mensaje' llenado correctamente

🔷 [PASO 4] Enviar el formulario
  ✅ Formulario enviado ✅

🔷 [PASO 5] Validar que el envío fue exitoso
  ✅ Confirmación en página: "thanks"
  ✅ TEST PASADO ✅ — Confirmación de envío detectada
]]></system-out>
    <system-err><![CDATA[SLF4J: Failed to load class "org.slf4j.impl.StaticLoggerBinder".
SLF4J: Defaulting to no-operation (NOP) logger implementation
SLF4J: See http://www.slf4j.org/codes.html#StaticLoggerBinder for further details.
abr. 12, 2026 4:13:54 P. M. org.openqa.selenium.devtools.CdpVersionFinder findNearestMatch
ADVERTENCIA: Unable to find CDP implementation matching 146
abr. 12, 2026 4:13:54 P. M. org.openqa.selenium.chromium.ChromiumDriver lambda$new$5
ADVERTENCIA: Unable to find version of CDP to use for 146.0.7680.178. You may need to include a dependency on a specific version of the CDP using something similar to `org.seleniumhq.selenium:selenium-devtools-v86:4.18.1` where the version ("v86") matches the version of the chromium-based browser you're using and the version number of the artifact is the same as Selenium's.
]]></system-err>
  </testcase>
</testsuite>