<?xml version="1.0" encoding="UTF-8"?>
<testng-results ignored="0" total="1" passed="1" failed="0" skipped="0">
  <reporter-output>
  </reporter-output>
  <suite started-at="2026-04-12T16:13:51 COT" name="Elaniin QA Suite" finished-at="2026-04-12T16:14:09 COT" duration-ms="18333">
    <groups>
    </groups>
    <test started-at="2026-04-12T16:13:51 COT" name="Contact Form Test" finished-at="2026-04-12T16:14:09 COT" duration-ms="18333">
      <class name="com.elaniin.qa.ContactFormTest">
        <test-method is-config="true" signature="setUp()[pri:0, instance:com.elaniin.qa.ContactFormTest@c33b74f]" started-at="2026-04-12T16:13:51 COT" name="setUp" finished-at="2026-04-12T16:13:54 COT" duration-ms="3243" status="PASS">
          <reporter-output>
          </reporter-output>
        </test-method> <!-- setUp -->
        <test-method signature="testContactForm()[pri:0, instance:com.elaniin.qa.ContactFormTest@c33b74f]" started-at="2026-04-12T16:13:54 COT" name="testContactForm" finished-at="2026-04-12T16:14:08 COT" duration-ms="14566" status="PASS">
          <reporter-output>
          </reporter-output>
        </test-method> <!-- testContactForm -->
        <test-method is-config="true" signature="tearDown()[pri:0, instance:com.elaniin.qa.ContactFormTest@c33b74f]" started-at="2026-04-12T16:14:08 COT" name="tearDown" finished-at="2026-04-12T16:14:09 COT" duration-ms="455" status="PASS">
          <reporter-output>
          </reporter-output>
        </test-method> <!-- tearDown -->
      </class> <!-- com.elaniin.qa.ContactFormTest -->
    </test> <!-- Contact Form Test -->
  </suite> <!-- Elaniin QA Suite -->
</testng-results>
